0 info it worked if it ends with ok
1 verbose cli [ 'C:\\Program Files\\nodejs\\node.exe',
1 verbose cli   'C:\\Program Files\\nodejs\\node_modules\\npm\\bin\\npm-cli.js',
1 verbose cli   'run',
1 verbose cli   'build' ]
2 info using npm@3.6.0
3 info using node@v5.7.0
4 verbose run-script [ 'prebuild', 'build', 'postbuild' ]
5 info lifecycle webpack-react-fullstack@1.0.0~prebuild: webpack-react-fullstack@1.0.0
6 silly lifecycle webpack-react-fullstack@1.0.0~prebuild: no script for prebuild, continuing
7 info lifecycle webpack-react-fullstack@1.0.0~build: webpack-react-fullstack@1.0.0
8 verbose lifecycle webpack-react-fullstack@1.0.0~build: unsafe-perm in lifecycle true
9 verbose lifecycle webpack-react-fullstack@1.0.0~build: PATH: C:\Users\Administrator\AppData\Roaming\nvm\v5.7.0\node_modules\npm\bin\node-gyp-bin;D:\product\webpack-react-fullStack\node_modules\.bin;C:\Users\Administrator\Desktop\cmder\bin;C:\Users\Administrator\Desktop\cmder\vendor\conemu-maximus5\ConEmu\Scripts;C:\Users\Administrator\Desktop\cmder\vendor\conemu-maximus5;C:\Users\Administrator\Desktop\cmder\vendor\conemu-maximus5\ConEmu;C:\Program Files (x86)\NetSarang\Xshell 6\;C:\Program Files (x86)\NetSarang\Xftp 6\;C:\Program Files (x86)\Intel\iCLS Client\;C:\Program Files\Intel\iCLS Client\;C:\Windows\system32;C:\Windows;C:\Windows\System32\Wbem;C:\Windows\System32\WindowsPowerShell\v1.0\;C:\Program Files (x86)\Intel\Intel(R) Management Engine Components\DAL;C:\Program Files\Intel\Intel(R) Management Engine Components\DAL;C:\Program Files (x86)\Intel\Intel(R) Management Engine Components\IPT;C:\Program Files\Intel\Intel(R) Management Engine Components\IPT;D:\软件\Git\cmd;C:\Program Files (x86)\Yarn\bin\;D:\软件\Microsoft VS Code\bin;C:\Users\Administrator\AppData\Roaming\nvm;C:\Program Files\nodejs;D:\product\MongoDB\bin;D:\软件\Microsoft VS Code\bin;C:\Users\Administrator\AppData\Roaming\npm;C:\Users\Administrator\AppData\Local\Yarn\bin;C:\Users\Administrator\AppData\Roaming\nvm;C:\Program Files\nodejs;C:\Users\Administrator\AppData\Roaming\nvm\nvm;C:\Users\Administrator\AppData\Local\BypassRuntm;D:\软件\Git\usr\bin;D:\软件\Git\usr\share\vim\vim74;C:\Users\Administrator\Desktop\cmder\
10 verbose lifecycle webpack-react-fullstack@1.0.0~build: CWD: D:\product\webpack-react-fullStack
11 silly lifecycle webpack-react-fullstack@1.0.0~build: Args: [ '/d /s /c', 'webpack --config build/webpack.config.js' ]
12 silly lifecycle webpack-react-fullstack@1.0.0~build: Returned: code: 1  signal: null
13 info lifecycle webpack-react-fullstack@1.0.0~build: Failed to exec build script
14 verbose stack Error: webpack-react-fullstack@1.0.0 build: `webpack --config build/webpack.config.js`
14 verbose stack Exit status 1
14 verbose stack     at EventEmitter.<anonymous> (C:\Users\Administrator\AppData\Roaming\nvm\v5.7.0\node_modules\npm\lib\utils\lifecycle.js:232:16)
14 verbose stack     at emitTwo (events.js:100:13)
14 verbose stack     at EventEmitter.emit (events.js:185:7)
14 verbose stack     at ChildProcess.<anonymous> (C:\Users\Administrator\AppData\Roaming\nvm\v5.7.0\node_modules\npm\lib\utils\spawn.js:24:14)
14 verbose stack     at emitTwo (events.js:100:13)
14 verbose stack     at ChildProcess.emit (events.js:185:7)
14 verbose stack     at maybeClose (internal/child_process.js:827:16)
14 verbose stack     at Process.ChildProcess._handle.onexit (internal/child_process.js:211:5)
15 verbose pkgid webpack-react-fullstack@1.0.0
16 verbose cwd D:\product\webpack-react-fullStack
17 error Windows_NT 6.1.7601
18 error argv "C:\\Program Files\\nodejs\\node.exe" "C:\\Program Files\\nodejs\\node_modules\\npm\\bin\\npm-cli.js" "run" "build"
19 error node v5.7.0
20 error npm  v3.6.0
21 error code ELIFECYCLE
22 error webpack-react-fullstack@1.0.0 build: `webpack --config build/webpack.config.js`
22 error Exit status 1
23 error Failed at the webpack-react-fullstack@1.0.0 build script 'webpack --config build/webpack.config.js'.
23 error Make sure you have the latest version of node.js and npm installed.
23 error If you do, this is most likely a problem with the webpack-react-fullstack package,
23 error not with npm itself.
23 error Tell the author that this fails on your system:
23 error     webpack --config build/webpack.config.js
23 error You can get information on how to open an issue for this project with:
23 error     npm bugs webpack-react-fullstack
23 error Or if that isn't available, you can get their info via:
23 error     npm owner ls webpack-react-fullstack
23 error There is likely additional logging output above.
24 verbose exit [ 1, true ]
